{"logTime": "0224/041737", "correlationVector":"JxLzMseoQgcy4zYGAdWpuk.1","action":"SyncServerConnectionManagerRequest", "result":"SYNC_SERVER_OK", "context":{"environment":"Prod_southindia_prod-s01-004-apac-southindia", "migrationStage":"NotStarted", "server":"akswtt10200002z"}}
{"logTime": "0224/041737", "correlationVector":"JxLzMseoQgcy4zYGAdWpuk.2","action":"ProcessGetUpdates", "result":"Done", "context":{"dataType":"Encryption Keys", "deleted":"0", "process_failed_to_decrypt":"0", "process_pending_decryption":"0", "process_success":"1", "total":"1"}}
{"logTime": "0224/041737", "correlationVector":"K884SX1zYPSXPMU83Epezd","action":"SyncServerConnectionManagerRequest", "result":"SYNC_SERVER_OK", "context":{"environment":"", "migrationStage":"", "server":""}}
{"logTime": "0224/041737", "correlationVector":"K884SX1zYPSXPMU83Epezd.0","action":"EncryptionKeysFetcher.DownloadKeys:", "result":"Success", "context":Key count: 7, Last key timestamp: 2025-09-23T07:48:56Z}
{"logTime": "0224/041737", "correlationVector":"K884SX1zYPSXPMU83Epezd.1","action":"EncryptionKeysManager::SetEncryptionKeys:", "result":"Success", "context":Key names[7]:[CmbGJV2GOzzjj1+LqwnugXxKAznzSUsqUrYS8/qI/+WGCzMYbmI5x/F4Iy2M5tGiPtuYRDvqG/0nqbVySjgEkg==][tF0ruHaQsD0jC1l6FbHldjnRABWkl8sgj7RYkH3CYRyp5xRNyIq+rtn/+kFf4Z9ZTV/WONyjHm/jcWMoqYdInA==][uPidn6lTqsqg6N5dcd5dT+tg2PWQW8dDTSc2qC22Uea+kjRsyKqiB9BRA0T+mI6fgj+S9MyjZsghtnM6W8rzIg==][lowWuhLXKm7GMC2CUidxnqJjGcATUFx+28bqDPnbEAoxsELixuaA+S+k5WmzQUAe4+AWTVyen8efEjjEn/0h/A==][k02kpc/my+452h6ICf7puF+gzgHyKxvYaBzEnIhRyWU3ZlMADUkQWYKJGJfFeGPV23EhnWlZzbsx65BGgXISqA==][ziNk8FiPdGk49VUno4Ie7nJOEwpjAlLfkh/4ZV3QD6cVeWS64M+K9uLkjBpr9pz+Yq90f5gggFdap3zjmAI4fQ==][tIEsG2CnR8qMT7MzGuZBHt+Sg+T/tEfUFwon8HD084UeaAG7Xrlv4z2HJe7Ox7vLUDITrK6aEQDgif8Wkvvl/A==]}
{"logTime": "0224/041737", "correlationVector":"K884SX1zYPSXPMU83Epezd.2","action":"EncryptionKeysManager::SetEncryptionKeysWithTimestamps:", "result":"Success", "context":Key timestamps[7]:[2022-09-02T13:00:53Z][2023-03-05T13:58:03Z][2023-09-04T12:27:07Z][2024-03-04T15:12:15Z][2024-09-23T15:11:55Z][2025-03-26T07:25:29Z][2025-09-23T07:48:56Z]}
{"logTime": "0224/041737", "correlationVector":"JxLzMseoQgcy4zYGAdWpuk","action":"Initial GetUpdates", "result":"", "context":Reason: NEW_CLIENT. cV=JxLzMseoQgcy4zYGAdWpuk}
{"logTime": "0224/041737", "correlationVector":"JxLzMseoQgcy4zYGAdWpuk.3","action":"GetUpdates Response", "result":"Success", "context":Received 1 update(s). cV=JxLzMseoQgcy4zYGAdWpuk.0;server=akswtt10200002z;cloudType=Consumer;environment=Prod_southindia_prod-s01-004-apac-southindia;migrationStage=NotStarted}
{"logTime": "0224/041737", "correlationVector":"ET/JGSezv0mW92c0MX/Dne","action":"Initial GetUpdates", "result":"", "context":Reason: NEWLY_SUPPORTED_DATATYPE. cV=ET/JGSezv0mW92c0MX/Dne}
{"logTime": "0224/041738", "correlationVector":"ET/JGSezv0mW92c0MX/Dne.1","action":"SyncServerConnectionManagerRequest", "result":"SYNC_SERVER_OK", "context":{"environment":"Prod_southindia_prod-s01-004-apac-southindia", "migrationStage":"NotStarted", "server":"akswtt102000038"}}
{"logTime": "0224/041738", "correlationVector":"ET/JGSezv0mW92c0MX/Dne.2","action":"ProcessGetUpdates", "result":"Done", "context":{"dataType":"Preferences", "deleted":"0", "process_failed_to_decrypt":"0", "process_pending_decryption":"0", "process_success":"57", "total":"57"}}
{"logTime": "0224/041738", "correlationVector":"ET/JGSezv0mW92c0MX/Dne.3","action":"ProcessGetUpdates", "result":"Done", "context":{"dataType":"Passwords", "deleted":"0", "process_failed_to_decrypt":"0", "process_pending_decryption":"0", "process_success":"3", "total":"3"}}
{"logTime": "0224/041738", "correlationVector":"ET/JGSezv0mW92c0MX/Dne.4","action":"ProcessGetUpdates", "result":"Done", "context":{"dataType":"Device Info", "deleted":"0", "process_failed_to_decrypt":"0", "process_pending_decryption":"0", "process_success":"2", "total":"2"}}
{"logTime": "0224/041738", "correlationVector":"ET/JGSezv0mW92c0MX/Dne.5","action":"GetUpdates Response", "result":"Success", "context":Received 62 update(s). cV=ET/JGSezv0mW92c0MX/Dne.0;server=akswtt102000038;cloudType=Consumer;environment=Prod_southindia_prod-s01-004-apac-southindia;migrationStage=NotStarted}
{"logTime": "0224/041738", "correlationVector":"e2iKb+pGmdXpdnACSQxx+9","action":"Initial GetUpdates", "result":"", "context":Reason: NEWLY_SUPPORTED_DATATYPE. cV=e2iKb+pGmdXpdnACSQxx+9}
{"logTime": "0224/041738", "correlationVector":"e2iKb+pGmdXpdnACSQxx+9.1","action":"SyncServerConnectionManagerRequest", "result":"SYNC_SERVER_OK", "context":{"environment":"Prod_southindia_prod-s01-004-apac-southindia", "migrationStage":"NotStarted", "server":"akswtt10200002r"}}
{"logTime": "0224/041738", "correlationVector":"e2iKb+pGmdXpdnACSQxx+9.2","action":"ProcessGetUpdates", "result":"Done", "context":{"dataType":"Bookmarks", "deleted":"0", "process_failed_to_decrypt":"0", "process_pending_decryption":"0", "process_success":"8", "total":"8"}}
{"logTime": "0224/041738", "correlationVector":"e2iKb+pGmdXpdnACSQxx+9.3","action":"GetUpdates Response", "result":"Success", "context":Received 8 update(s). cV=e2iKb+pGmdXpdnACSQxx+9.0;server=akswtt10200002r;cloudType=Consumer;environment=Prod_southindia_prod-s01-004-apac-southindia;migrationStage=NotStarted}
{"logTime": "0224/041738", "correlationVector":"fgroMABDYmK83tvL2pNuF8","action":"Initial GetUpdates", "result":"", "context":Reason: NEWLY_SUPPORTED_DATATYPE. cV=fgroMABDYmK83tvL2pNuF8}
{"logTime": "0224/041738", "correlationVector":"fgroMABDYmK83tvL2pNuF8.1","action":"SyncServerConnectionManagerRequest", "result":"SYNC_SERVER_OK", "context":{"environment":"Prod_southindia_prod-s01-004-apac-southindia", "migrationStage":"NotStarted", "server":"akswtt10200002w"}}
{"logTime": "0224/041738", "correlationVector":"fgroMABDYmK83tvL2pNuF8.2","action":"ProcessGetUpdates", "result":"Done", "context":{"dataType":"Autofill", "deleted":"0", "process_failed_to_decrypt":"0", "process_pending_decryption":"0", "process_success":"3", "total":"3"}}
{"logTime": "0224/041738", "correlationVector":"fgroMABDYmK83tvL2pNuF8.3","action":"ProcessGetUpdates", "result":"Done", "context":{"dataType":"Sessions", "deleted":"24", "process_failed_to_decrypt":"0", "process_pending_decryption":"0", "process_success":"25", "total":"25"}}
{"logTime": "0224/041738", "correlationVector":"fgroMABDYmK83tvL2pNuF8.4","action":"ProcessGetUpdates", "result":"Done", "context":{"dataType":"Edge Hub App Usage", "deleted":"1", "process_failed_to_decrypt":"0", "process_pending_decryption":"0", "process_success":"1", "total":"1"}}
{"logTime": "0224/041738", "correlationVector":"fgroMABDYmK83tvL2pNuF8.5","action":"GetUpdates Response", "result":"Success", "context":Received 29 update(s). cV=fgroMABDYmK83tvL2pNuF8.0;server=akswtt10200002w;cloudType=Consumer;environment=Prod_southindia_prod-s01-004-apac-southindia;migrationStage=NotStarted}
{"logTime": "0224/041738", "correlationVector":"jpgDf2DHb5+uiwitUxmjRz","action":"Initial GetUpdates", "result":"", "context":Reason: NEWLY_SUPPORTED_DATATYPE. cV=jpgDf2DHb5+uiwitUxmjRz}
{"logTime": "0224/041738", "correlationVector":"jpgDf2DHb5+uiwitUxmjRz.1","action":"SyncServerConnectionManagerRequest", "result":"SYNC_SERVER_OK", "context":{"environment":"Prod_southindia_prod-s01-004-apac-southindia", "migrationStage":"NotStarted", "server":"akswtt102000012"}}
{"logTime": "0224/041738", "correlationVector":"jpgDf2DHb5+uiwitUxmjRz.2","action":"ProcessGetUpdates", "result":"Done", "context":{"dataType":"History", "deleted":"0", "process_failed_to_decrypt":"0", "process_pending_decryption":"0", "process_success":"27", "total":"27"}}
{"logTime": "0224/041738", "correlationVector":"jpgDf2DHb5+uiwitUxmjRz.3","action":"GetUpdates Response", "result":"Success", "context":Received 27 update(s). cV=jpgDf2DHb5+uiwitUxmjRz.0;server=akswtt102000012;cloudType=Consumer;environment=Prod_southindia_prod-s01-004-apac-southindia;migrationStage=NotStarted}
{"logTime": "0224/041739", "correlationVector":"15qXKweiFydkri/S5FWTvr","action":"Normal GetUpdate request", "result":"", "context":cV=15qXKweiFydkri/S5FWTvr
Nudged types: Passwords, Sessions, Device Info, User Consents
Refresh requested types: Bookmarks, Preferences, Passwords, Autofill Profiles, Autofill, Extensions, Sessions, Extension settings, History Delete Directives, Device Info, User Consents, Send Tab To Self, Web Apps, History, Saved Tab Group, WebAuthn Credentials, Collection, Edge E Drop, Edge Hub App Usage, Edge Wallet, Edge Workspace, Encryption Keys}
{"logTime": "0224/041739", "correlationVector":"15qXKweiFydkri/S5FWTvr.1","action":"SyncServerConnectionManagerRequest", "result":"SYNC_SERVER_OK", "context":{"environment":"Prod_southindia_prod-s01-004-apac-southindia", "migrationStage":"NotStarted", "server":"akswtt10200002o"}}
{"logTime": "0224/041739", "correlationVector":"15qXKweiFydkri/S5FWTvr.2","action":"GetUpdates Response", "result":"Success", "context":Received 0 update(s). cV=15qXKweiFydkri/S5FWTvr.0;server=akswtt10200002o;cloudType=Consumer;environment=Prod_southindia_prod-s01-004-apac-southindia;migrationStage=NotStarted}
{"logTime": "0224/041739", "correlationVector":"B6r9QuF4mPCbxpd04sRcks","action":"Commit Request", "result":"", "context":Item count: 11
Contributing types: Passwords, Sessions, Device Info, User Consents}
{"logTime": "0224/041740", "correlationVector":"B6r9QuF4mPCbxpd04sRcks.1","action":"SyncServerConnectionManagerRequest", "result":"SYNC_SERVER_OK", "context":{"environment":"Prod_southindia_prod-s01-004-apac-southindia", "migrationStage":"NotStarted", "server":"akswtt10200002r"}}
{"logTime": "0224/041740", "correlationVector":"B6r9QuF4mPCbxpd04sRcks.2","action":"Commit Response", "result":"Success", "context":Result: Success. cV=B6r9QuF4mPCbxpd04sRcks.0;server=akswtt10200002r;cloudType=Consumer;environment=Prod_southindia_prod-s01-004-apac-southindia;migrationStage=NotStarted}
{"logTime": "0224/041746", "correlationVector":"NzK8SKSZyrVmSu7OanOWh4","action":"Commit Request", "result":"", "context":Item count: 3
Contributing types: Sessions, User Consents, History}
{"logTime": "0224/041746", "correlationVector":"NzK8SKSZyrVmSu7OanOWh4.1","action":"SyncServerConnectionManagerRequest", "result":"SYNC_SERVER_OK", "context":{"environment":"Prod_southindia_prod-s01-004-apac-southindia", "migrationStage":"NotStarted", "server":"akswtt10200003b"}}
{"logTime": "0224/041746", "correlationVector":"NzK8SKSZyrVmSu7OanOWh4.2","action":"Commit Response", "result":"Success", "context":Result: Success. cV=NzK8SKSZyrVmSu7OanOWh4.0;server=akswtt10200003b;cloudType=Consumer;environment=Prod_southindia_prod-s01-004-apac-southindia;migrationStage=NotStarted}
{"logTime": "0224/041804", "correlationVector":"6mhStPPx9CFmGjslTx3X6l","action":"Commit Request", "result":"", "context":Item count: 3
Contributing types: Preferences, Sessions, History}
{"logTime": "0224/041805", "correlationVector":"6mhStPPx9CFmGjslTx3X6l.1","action":"SyncServerConnectionManagerRequest", "result":"SYNC_SERVER_OK", "context":{"environment":"Prod_southindia_prod-s01-004-apac-southindia", "migrationStage":"NotStarted", "server":"akswtt10200002c"}}
{"logTime": "0224/041805", "correlationVector":"6mhStPPx9CFmGjslTx3X6l.2","action":"Commit Response", "result":"Success", "context":Result: Success. cV=6mhStPPx9CFmGjslTx3X6l.0;server=akswtt10200002c;cloudType=Consumer;environment=Prod_southindia_prod-s01-004-apac-southindia;migrationStage=NotStarted}
{"logTime": "0224/042347", "correlationVector":"Kb3koWOsyRTpTJ41gycGzr.1","action":"SyncServerConnectionManagerRequest", "result":"SYNC_SERVER_OK", "context":{"environment":"Prod_southindia_prod-s01-004-apac-southindia", "migrationStage":"NotStarted", "server":"akswtt102000031"}}
{"logTime": "0224/042347", "correlationVector":"Kb3koWOsyRTpTJ41gycGzr.2","action":"ProcessGetUpdates", "result":"Done", "context":{"dataType":"Encryption Keys", "deleted":"0", "process_failed_to_decrypt":"0", "process_pending_decryption":"0", "process_success":"1", "total":"1"}}
{"logTime": "0224/042348", "correlationVector":"LNGTTHlcvHngbUPqoPumRV","action":"SyncServerConnectionManagerRequest", "result":"SYNC_SERVER_OK", "context":{"environment":"", "migrationStage":"", "server":""}}
{"logTime": "0224/042348", "correlationVector":"LNGTTHlcvHngbUPqoPumRV.0","action":"EncryptionKeysFetcher.DownloadKeys:", "result":"Success", "context":Key count: 7, Last key timestamp: 2025-09-23T07:48:56Z}
{"logTime": "0224/042348", "correlationVector":"LNGTTHlcvHngbUPqoPumRV.1","action":"EncryptionKeysManager::SetEncryptionKeys:", "result":"Success", "context":Key names[7]:[CmbGJV2GOzzjj1+LqwnugXxKAznzSUsqUrYS8/qI/+WGCzMYbmI5x/F4Iy2M5tGiPtuYRDvqG/0nqbVySjgEkg==][tF0ruHaQsD0jC1l6FbHldjnRABWkl8sgj7RYkH3CYRyp5xRNyIq+rtn/+kFf4Z9ZTV/WONyjHm/jcWMoqYdInA==][uPidn6lTqsqg6N5dcd5dT+tg2PWQW8dDTSc2qC22Uea+kjRsyKqiB9BRA0T+mI6fgj+S9MyjZsghtnM6W8rzIg==][lowWuhLXKm7GMC2CUidxnqJjGcATUFx+28bqDPnbEAoxsELixuaA+S+k5WmzQUAe4+AWTVyen8efEjjEn/0h/A==][k02kpc/my+452h6ICf7puF+gzgHyKxvYaBzEnIhRyWU3ZlMADUkQWYKJGJfFeGPV23EhnWlZzbsx65BGgXISqA==][ziNk8FiPdGk49VUno4Ie7nJOEwpjAlLfkh/4ZV3QD6cVeWS64M+K9uLkjBpr9pz+Yq90f5gggFdap3zjmAI4fQ==][tIEsG2CnR8qMT7MzGuZBHt+Sg+T/tEfUFwon8HD084UeaAG7Xrlv4z2HJe7Ox7vLUDITrK6aEQDgif8Wkvvl/A==]}
{"logTime": "0224/042348", "correlationVector":"LNGTTHlcvHngbUPqoPumRV.2","action":"EncryptionKeysManager::SetEncryptionKeysWithTimestamps:", "result":"Success", "context":Key timestamps[7]:[2022-09-02T13:00:53Z][2023-03-05T13:58:03Z][2023-09-04T12:27:07Z][2024-03-04T15:12:15Z][2024-09-23T15:11:55Z][2025-03-26T07:25:29Z][2025-09-23T07:48:56Z]}
{"logTime": "0224/042348", "correlationVector":"Kb3koWOsyRTpTJ41gycGzr","action":"Initial GetUpdates", "result":"", "context":Reason: NEW_CLIENT. cV=Kb3koWOsyRTpTJ41gycGzr}
{"logTime": "0224/042348", "correlationVector":"Kb3koWOsyRTpTJ41gycGzr.3","action":"GetUpdates Response", "result":"Success", "context":Received 1 update(s). cV=Kb3koWOsyRTpTJ41gycGzr.0;server=akswtt102000031;cloudType=Consumer;environment=Prod_southindia_prod-s01-004-apac-southindia;migrationStage=NotStarted}
{"logTime": "0224/042348", "correlationVector":"Kfli4UAqGRpKhWAy+YnQuY","action":"Initial GetUpdates", "result":"", "context":Reason: NEWLY_SUPPORTED_DATATYPE. cV=Kfli4UAqGRpKhWAy+YnQuY}
{"logTime": "0224/042349", "correlationVector":"Kfli4UAqGRpKhWAy+YnQuY.1","action":"SyncServerConnectionManagerRequest", "result":"SYNC_SERVER_OK", "context":{"environment":"Prod_southindia_prod-s01-004-apac-southindia", "migrationStage":"NotStarted", "server":"akswtt10200002o"}}
{"logTime": "0224/042349", "correlationVector":"Kfli4UAqGRpKhWAy+YnQuY.2","action":"ProcessGetUpdates", "result":"Done", "context":{"dataType":"Passwords", "deleted":"0", "process_failed_to_decrypt":"0", "process_pending_decryption":"0", "process_success":"10", "total":"10"}}
{"logTime": "0224/042349", "correlationVector":"Kfli4UAqGRpKhWAy+YnQuY.3","action":"GetUpdates Response", "result":"Success", "context":Received 10 update(s). cV=Kfli4UAqGRpKhWAy+YnQuY.0;server=akswtt10200002o;cloudType=Consumer;environment=Prod_southindia_prod-s01-004-apac-southindia;migrationStage=NotStarted}
{"logTime": "0224/042349", "correlationVector":"s2Sdb6yh09JFyzBTnwz+Bs","action":"Normal GetUpdate request", "result":"", "context":cV=s2Sdb6yh09JFyzBTnwz+Bs
Nudged types: Sessions, Device Info, History
Refresh requested types: Bookmarks, Preferences, Passwords, Autofill Profiles, Autofill, Extensions, Sessions, Extension settings, History Delete Directives, Device Info, User Consents, Send Tab To Self, Web Apps, History, Saved Tab Group, WebAuthn Credentials, Collection, Edge E Drop, Edge Hub App Usage, Edge Wallet, Edge Workspace, Encryption Keys}
{"logTime": "0224/042349", "correlationVector":"s2Sdb6yh09JFyzBTnwz+Bs.1","action":"SyncServerConnectionManagerRequest", "result":"SYNC_SERVER_OK", "context":{"environment":"Prod_southindia_prod-s01-004-apac-southindia", "migrationStage":"NotStarted", "server":"akswtt10200003h"}}
{"logTime": "0224/042349", "correlationVector":"s2Sdb6yh09JFyzBTnwz+Bs.2","action":"ProcessGetUpdates", "result":"Done", "context":{"dataType":"Preferences", "deleted":"0", "process_failed_to_decrypt":"0", "process_pending_decryption":"0", "process_success":"2", "total":"2"}}
{"logTime": "0224/042349", "correlationVector":"s2Sdb6yh09JFyzBTnwz+Bs.3","action":"ProcessGetUpdates", "result":"Done", "context":{"dataType":"Sessions", "deleted":"0", "process_failed_to_decrypt":"0", "process_pending_decryption":"0", "process_success":"2", "total":"2"}}
{"logTime": "0224/042349", "correlationVector":"s2Sdb6yh09JFyzBTnwz+Bs.4","action":"ProcessGetUpdates", "result":"Done", "context":{"dataType":"Device Info", "deleted":"0", "process_failed_to_decrypt":"0", "process_pending_decryption":"0", "process_success":"1", "total":"1"}}
{"logTime": "0224/042349", "correlationVector":"s2Sdb6yh09JFyzBTnwz+Bs.5","action":"ProcessGetUpdates", "result":"Done", "context":{"dataType":"History", "deleted":"0", "process_failed_to_decrypt":"0", "process_pending_decryption":"0", "process_success":"2", "total":"2"}}
{"logTime": "0224/042349", "correlationVector":"s2Sdb6yh09JFyzBTnwz+Bs.6","action":"GetUpdates Response", "result":"Success", "context":Received 7 update(s). cV=s2Sdb6yh09JFyzBTnwz+Bs.0;server=akswtt10200003h;cloudType=Consumer;environment=Prod_southindia_prod-s01-004-apac-southindia;migrationStage=NotStarted}
{"logTime": "0224/042452", "correlationVector":"Ya8GQBC7EeBcBHU0JNEAJN","action":"Commit Request", "result":"", "context":Item count: 3
Contributing types: Sessions, History}
{"logTime": "0224/042452", "correlationVector":"Ya8GQBC7EeBcBHU0JNEAJN.1","action":"SyncServerConnectionManagerRequest", "result":"SYNC_SERVER_OK", "context":{"environment":"Prod_southindia_prod-s01-004-apac-southindia", "migrationStage":"NotStarted", "server":"akswtt10200003d"}}
{"logTime": "0224/042452", "correlationVector":"Ya8GQBC7EeBcBHU0JNEAJN.2","action":"Commit Response", "result":"Success", "context":Result: Success. cV=Ya8GQBC7EeBcBHU0JNEAJN.0;server=akswtt10200003d;cloudType=Consumer;environment=Prod_southindia_prod-s01-004-apac-southindia;migrationStage=NotStarted}
{"logTime": "0224/042603", "correlationVector":"2Lxk84nnDIhjtlnc8L59cc","action":"Commit Request", "result":"", "context":Item count: 2
Contributing types: Sessions, History}
{"logTime": "0224/042603", "correlationVector":"2Lxk84nnDIhjtlnc8L59cc.1","action":"SyncServerConnectionManagerRequest", "result":"SYNC_SERVER_OK", "context":{"environment":"Prod_southindia_prod-s01-004-apac-southindia", "migrationStage":"NotStarted", "server":"akswtt102000037"}}
{"logTime": "0224/042603", "correlationVector":"2Lxk84nnDIhjtlnc8L59cc.2","action":"Commit Response", "result":"Success", "context":Result: Success. cV=2Lxk84nnDIhjtlnc8L59cc.0;server=akswtt102000037;cloudType=Consumer;environment=Prod_southindia_prod-s01-004-apac-southindia;migrationStage=NotStarted}
{"logTime": "0224/054454", "correlationVector":"49pwny6gdGdXR5OfdBdXIk.1","action":"SyncServerConnectionManagerRequest", "result":"SYNC_SERVER_OK", "context":{"environment":"Prod_southindia_prod-s01-004-apac-southindia", "migrationStage":"NotStarted", "server":"akswtt102000030"}}
{"logTime": "0224/054454", "correlationVector":"49pwny6gdGdXR5OfdBdXIk.2","action":"ProcessGetUpdates", "result":"Done", "context":{"dataType":"Encryption Keys", "deleted":"0", "process_failed_to_decrypt":"0", "process_pending_decryption":"0", "process_success":"1", "total":"1"}}
{"logTime": "0224/054455", "correlationVector":"JiNGOvuCrzsWKuShXhCsAB","action":"SyncServerConnectionManagerRequest", "result":"SYNC_SERVER_OK", "context":{"environment":"", "migrationStage":"", "server":""}}
{"logTime": "0224/054455", "correlationVector":"JiNGOvuCrzsWKuShXhCsAB.0","action":"EncryptionKeysFetcher.DownloadKeys:", "result":"Success", "context":Key count: 7, Last key timestamp: 2025-09-23T07:48:56Z}
{"logTime": "0224/054455", "correlationVector":"JiNGOvuCrzsWKuShXhCsAB.1","action":"EncryptionKeysManager::SetEncryptionKeys:", "result":"Success", "context":Key names[7]:[CmbGJV2GOzzjj1+LqwnugXxKAznzSUsqUrYS8/qI/+WGCzMYbmI5x/F4Iy2M5tGiPtuYRDvqG/0nqbVySjgEkg==][tF0ruHaQsD0jC1l6FbHldjnRABWkl8sgj7RYkH3CYRyp5xRNyIq+rtn/+kFf4Z9ZTV/WONyjHm/jcWMoqYdInA==][uPidn6lTqsqg6N5dcd5dT+tg2PWQW8dDTSc2qC22Uea+kjRsyKqiB9BRA0T+mI6fgj+S9MyjZsghtnM6W8rzIg==][lowWuhLXKm7GMC2CUidxnqJjGcATUFx+28bqDPnbEAoxsELixuaA+S+k5WmzQUAe4+AWTVyen8efEjjEn/0h/A==][k02kpc/my+452h6ICf7puF+gzgHyKxvYaBzEnIhRyWU3ZlMADUkQWYKJGJfFeGPV23EhnWlZzbsx65BGgXISqA==][ziNk8FiPdGk49VUno4Ie7nJOEwpjAlLfkh/4ZV3QD6cVeWS64M+K9uLkjBpr9pz+Yq90f5gggFdap3zjmAI4fQ==][tIEsG2CnR8qMT7MzGuZBHt+Sg+T/tEfUFwon8HD084UeaAG7Xrlv4z2HJe7Ox7vLUDITrK6aEQDgif8Wkvvl/A==]}
{"logTime": "0224/054455", "correlationVector":"JiNGOvuCrzsWKuShXhCsAB.2","action":"EncryptionKeysManager::SetEncryptionKeysWithTimestamps:", "result":"Success", "context":Key timestamps[7]:[2022-09-02T13:00:53Z][2023-03-05T13:58:03Z][2023-09-04T12:27:07Z][2024-03-04T15:12:15Z][2024-09-23T15:11:55Z][2025-03-26T07:25:29Z][2025-09-23T07:48:56Z]}
{"logTime": "0224/054455", "correlationVector":"49pwny6gdGdXR5OfdBdXIk","action":"Initial GetUpdates", "result":"", "context":Reason: NEW_CLIENT. cV=49pwny6gdGdXR5OfdBdXIk}
{"logTime": "0224/054455", "correlationVector":"49pwny6gdGdXR5OfdBdXIk.3","action":"GetUpdates Response", "result":"Success", "context":Received 1 update(s). cV=49pwny6gdGdXR5OfdBdXIk.0;server=akswtt102000030;cloudType=Consumer;environment=Prod_southindia_prod-s01-004-apac-southindia;migrationStage=NotStarted}
{"logTime": "0224/054455", "correlationVector":"amHQBI04p1Wl3fmZlesFKc","action":"Initial GetUpdates", "result":"", "context":Reason: NEWLY_SUPPORTED_DATATYPE. cV=amHQBI04p1Wl3fmZlesFKc}
{"logTime": "0224/054455", "correlationVector":"amHQBI04p1Wl3fmZlesFKc.1","action":"SyncServerConnectionManagerRequest", "result":"SYNC_SERVER_OK", "context":{"environment":"Prod_southindia_prod-s01-004-apac-southindia", "migrationStage":"NotStarted", "server":"akswtt102000005"}}
{"logTime": "0224/054455", "correlationVector":"amHQBI04p1Wl3fmZlesFKc.2","action":"ProcessGetUpdates", "result":"Done", "context":{"dataType":"Preferences", "deleted":"0", "process_failed_to_decrypt":"0", "process_pending_decryption":"0", "process_success":"57", "total":"57"}}
{"logTime": "0224/054455", "correlationVector":"amHQBI04p1Wl3fmZlesFKc.3","action":"ProcessGetUpdates", "result":"Done", "context":{"dataType":"Passwords", "deleted":"0", "process_failed_to_decrypt":"0", "process_pending_decryption":"0", "process_success":"10", "total":"10"}}
{"logTime": "0224/054455", "correlationVector":"amHQBI04p1Wl3fmZlesFKc.4","action":"ProcessGetUpdates", "result":"Done", "context":{"dataType":"Device Info", "deleted":"0", "process_failed_to_decrypt":"0", "process_pending_decryption":"0", "process_success":"3", "total":"3"}}
{"logTime": "0224/054455", "correlationVector":"amHQBI04p1Wl3fmZlesFKc.5","action":"GetUpdates Response", "result":"Success", "context":Received 70 update(s). cV=amHQBI04p1Wl3fmZlesFKc.0;server=akswtt102000005;cloudType=Consumer;environment=Prod_southindia_prod-s01-004-apac-southindia;migrationStage=NotStarted}
{"logTime": "0224/054455", "correlationVector":"PcACeriz1apSTKxaNKnJm7","action":"Initial GetUpdates", "result":"", "context":Reason: NEWLY_SUPPORTED_DATATYPE. cV=PcACeriz1apSTKxaNKnJm7}
{"logTime": "0224/054455", "correlationVector":"PcACeriz1apSTKxaNKnJm7.1","action":"SyncServerConnectionManagerRequest", "result":"SYNC_SERVER_OK", "context":{"environment":"Prod_southindia_prod-s01-004-apac-southindia", "migrationStage":"NotStarted", "server":"akswtt10200002u"}}
{"logTime": "0224/054455", "correlationVector":"PcACeriz1apSTKxaNKnJm7.2","action":"ProcessGetUpdates", "result":"Done", "context":{"dataType":"Bookmarks", "deleted":"0", "process_failed_to_decrypt":"0", "process_pending_decryption":"0", "process_success":"8", "total":"8"}}
{"logTime": "0224/054455", "correlationVector":"PcACeriz1apSTKxaNKnJm7.3","action":"GetUpdates Response", "result":"Success", "context":Received 8 update(s). cV=PcACeriz1apSTKxaNKnJm7.0;server=akswtt10200002u;cloudType=Consumer;environment=Prod_southindia_prod-s01-004-apac-southindia;migrationStage=NotStarted}
{"logTime": "0224/054455", "correlationVector":"IorN6yomPEyEeISUpnyh3U","action":"Initial GetUpdates", "result":"", "context":Reason: NEWLY_SUPPORTED_DATATYPE. cV=IorN6yomPEyEeISUpnyh3U}
{"logTime": "0224/054456", "correlationVector":"IorN6yomPEyEeISUpnyh3U.1","action":"SyncServerConnectionManagerRequest", "result":"SYNC_SERVER_OK", "context":{"environment":"Prod_southindia_prod-s01-004-apac-southindia", "migrationStage":"NotStarted", "server":"akswtt10200002i"}}
{"logTime": "0224/054456", "correlationVector":"IorN6yomPEyEeISUpnyh3U.2","action":"ProcessGetUpdates", "result":"Done", "context":{"dataType":"Autofill", "deleted":"0", "process_failed_to_decrypt":"0", "process_pending_decryption":"0", "process_success":"3", "total":"3"}}
{"logTime": "0224/054456", "correlationVector":"IorN6yomPEyEeISUpnyh3U.3","action":"ProcessGetUpdates", "result":"Done", "context":{"dataType":"Sessions", "deleted":"24", "process_failed_to_decrypt":"0", "process_pending_decryption":"0", "process_success":"27", "total":"27"}}
{"logTime": "0224/054456", "correlationVector":"IorN6yomPEyEeISUpnyh3U.4","action":"ProcessGetUpdates", "result":"Done", "context":{"dataType":"Edge Hub App Usage", "deleted":"1", "process_failed_to_decrypt":"0", "process_pending_decryption":"0", "process_success":"1", "total":"1"}}
{"logTime": "0224/054456", "correlationVector":"IorN6yomPEyEeISUpnyh3U.5","action":"GetUpdates Response", "result":"Success", "context":Received 31 update(s). cV=IorN6yomPEyEeISUpnyh3U.0;server=akswtt10200002i;cloudType=Consumer;environment=Prod_southindia_prod-s01-004-apac-southindia;migrationStage=NotStarted}
{"logTime": "0224/054456", "correlationVector":"Bvs7ZZd03sbn6NIeHrpGvC","action":"Initial GetUpdates", "result":"", "context":Reason: NEWLY_SUPPORTED_DATATYPE. cV=Bvs7ZZd03sbn6NIeHrpGvC}
{"logTime": "0224/054456", "correlationVector":"Bvs7ZZd03sbn6NIeHrpGvC.1","action":"SyncServerConnectionManagerRequest", "result":"SYNC_SERVER_OK", "context":{"environment":"Prod_southindia_prod-s01-004-apac-southindia", "migrationStage":"NotStarted", "server":"akswtt10200002z"}}
{"logTime": "0224/054456", "correlationVector":"Bvs7ZZd03sbn6NIeHrpGvC.2","action":"ProcessGetUpdates", "result":"Done", "context":{"dataType":"History", "deleted":"0", "process_failed_to_decrypt":"0", "process_pending_decryption":"0", "process_success":"31", "total":"31"}}
{"logTime": "0224/054456", "correlationVector":"Bvs7ZZd03sbn6NIeHrpGvC.3","action":"GetUpdates Response", "result":"Success", "context":Received 31 update(s). cV=Bvs7ZZd03sbn6NIeHrpGvC.0;server=akswtt10200002z;cloudType=Consumer;environment=Prod_southindia_prod-s01-004-apac-southindia;migrationStage=NotStarted}
{"logTime": "0224/054456", "correlationVector":"FqcelDuQ0m2Dx2kaVNwGUk","action":"Normal GetUpdate request", "result":"", "context":cV=FqcelDuQ0m2Dx2kaVNwGUk
Nudged types: Bookmarks, Passwords, Sessions, Device Info
Refresh requested types: Bookmarks, Preferences, Passwords, Autofill Profiles, Autofill, Extensions, Sessions, Extension settings, History Delete Directives, Device Info, User Consents, Send Tab To Self, Web Apps, History, Saved Tab Group, WebAuthn Credentials, Collection, Edge E Drop, Edge Hub App Usage, Edge Wallet, Edge Workspace, Encryption Keys}
{"logTime": "0224/054456", "correlationVector":"FqcelDuQ0m2Dx2kaVNwGUk.1","action":"SyncServerConnectionManagerRequest", "result":"SYNC_SERVER_OK", "context":{"environment":"Prod_southindia_prod-s01-004-apac-southindia", "migrationStage":"NotStarted", "server":"akswtt10200002i"}}
{"logTime": "0224/054456", "correlationVector":"FqcelDuQ0m2Dx2kaVNwGUk.2","action":"GetUpdates Response", "result":"Success", "context":Received 0 update(s). cV=FqcelDuQ0m2Dx2kaVNwGUk.0;server=akswtt10200002i;cloudType=Consumer;environment=Prod_southindia_prod-s01-004-apac-southindia;migrationStage=NotStarted}
{"logTime": "0224/054456", "correlationVector":"ji/9Jxx8U3mVKLQ9GVXiwJ","action":"Commit Request", "result":"", "context":Item count: 12
Contributing types: Bookmarks, Passwords, Sessions, Device Info}
{"logTime": "0224/054458", "correlationVector":"ji/9Jxx8U3mVKLQ9GVXiwJ.1","action":"SyncServerConnectionManagerRequest", "result":"SYNC_SERVER_OK", "context":{"environment":"Prod_southindia_prod-s01-004-apac-southindia", "migrationStage":"NotStarted", "server":"akswtt10200002i"}}
{"logTime": "0224/054458", "correlationVector":"ji/9Jxx8U3mVKLQ9GVXiwJ.2","action":"Commit Response", "result":"Success", "context":Result: Success. cV=ji/9Jxx8U3mVKLQ9GVXiwJ.0;server=akswtt10200002i;cloudType=Consumer;environment=Prod_southindia_prod-s01-004-apac-southindia;migrationStage=NotStarted}
{"logTime": "0224/054606", "correlationVector":"h4jYo+e39X4BHopXgq9CfS","action":"Commit Request", "result":"", "context":Item count: 2
Contributing types: Sessions, History}
{"logTime": "0224/054607", "correlationVector":"h4jYo+e39X4BHopXgq9CfS.1","action":"SyncServerConnectionManagerRequest", "result":"SYNC_SERVER_OK", "context":{"environment":"Prod_southindia_prod-s01-004-apac-southindia", "migrationStage":"NotStarted", "server":"akswtt10200002d"}}
{"logTime": "0224/054607", "correlationVector":"h4jYo+e39X4BHopXgq9CfS.2","action":"Commit Response", "result":"Success", "context":Result: Success. cV=h4jYo+e39X4BHopXgq9CfS.0;server=akswtt10200002d;cloudType=Consumer;environment=Prod_southindia_prod-s01-004-apac-southindia;migrationStage=NotStarted}
