2026-02-24 04:17:32.590: [INFO][Sync] Reset engine, reason: 8
2026-02-24 04:17:32.590: [INFO][Sync] Stopped: Bookmarks
2026-02-24 04:17:32.590: [INFO][Sync] Stopped: Preferences
2026-02-24 04:17:32.590: [INFO][Sync] Stopped: Passwords
2026-02-24 04:17:32.590: [INFO][Sync] Stopped: Autofill Profiles
2026-02-24 04:17:32.590: [INFO][Sync] Stopped: Autofill
2026-02-24 04:17:32.590: [INFO][Sync] Stopped: Extensions
2026-02-24 04:17:32.590: [INFO][Sync] Stopped: Sessions
2026-02-24 04:17:32.590: [INFO][Sync] Stopped: Extension settings
2026-02-24 04:17:32.590: [INFO][Sync] Stopped: History Delete Directives
2026-02-24 04:17:32.590: [INFO][Sync] Stopped: Device Info
2026-02-24 04:17:32.590: [INFO][Sync] Stopped: User Consents
2026-02-24 04:17:32.590: [INFO][Sync] Stopped: Send Tab To Self
2026-02-24 04:17:32.590: [INFO][Sync] Stopped: Web Apps
2026-02-24 04:17:32.590: [INFO][Sync] Stopped: History
2026-02-24 04:17:32.590: [INFO][Sync] Stopped: Saved Tab Group
2026-02-24 04:17:32.590: [INFO][Sync] Stopped: WebAuthn Credentials
2026-02-24 04:17:32.590: [INFO][Sync] Stopped: Collection
2026-02-24 04:17:32.590: [INFO][Sync] Stopped: Edge E Drop
2026-02-24 04:17:32.590: [INFO][Sync] Stopped: Edge Hub App Usage
2026-02-24 04:17:32.590: [INFO][Sync] Stopped: Edge Wallet
2026-02-24 04:17:32.590: [INFO][Sync] Stopped: Edge Workspace
2026-02-24 04:17:32.590: [INFO][Sync] SyncState after authenticated was: NotSignedIn
2026-02-24 04:17:32.976: [INFO][Sync] Reset engine, reason: 8
2026-02-24 04:17:32.976: [INFO][Sync] Stopped: Bookmarks
2026-02-24 04:17:32.976: [INFO][Sync] Stopped: Preferences
2026-02-24 04:17:32.976: [INFO][Sync] Stopped: Passwords
2026-02-24 04:17:32.976: [INFO][Sync] Stopped: Autofill Profiles
2026-02-24 04:17:32.976: [INFO][Sync] Stopped: Autofill
2026-02-24 04:17:32.976: [INFO][Sync] Stopped: Extensions
2026-02-24 04:17:32.976: [INFO][Sync] Stopped: Sessions
2026-02-24 04:17:32.976: [INFO][Sync] Stopped: Extension settings
2026-02-24 04:17:32.976: [INFO][Sync] Stopped: History Delete Directives
2026-02-24 04:17:32.976: [INFO][Sync] Stopped: Device Info
2026-02-24 04:17:32.976: [INFO][Sync] Stopped: User Consents
2026-02-24 04:17:32.976: [INFO][Sync] Stopped: Send Tab To Self
2026-02-24 04:17:32.976: [INFO][Sync] Stopped: Web Apps
2026-02-24 04:17:32.976: [INFO][Sync] Stopped: History
2026-02-24 04:17:32.976: [INFO][Sync] Stopped: Saved Tab Group
2026-02-24 04:17:32.976: [INFO][Sync] Stopped: WebAuthn Credentials
2026-02-24 04:17:32.976: [INFO][Sync] Stopped: Collection
2026-02-24 04:17:32.976: [INFO][Sync] Stopped: Edge E Drop
2026-02-24 04:17:32.976: [INFO][Sync] Stopped: Edge Hub App Usage
2026-02-24 04:17:32.976: [INFO][Sync] Stopped: Edge Wallet
2026-02-24 04:17:32.976: [INFO][Sync] Stopped: Edge Workspace
2026-02-24 04:17:34.780: [INFO][Sync] Try to start sync engine
2026-02-24 04:17:34.787: [INFO][SyncManagerImpl::NudgeForInitialDownload] Initial download nudge for Encryption Keys
2026-02-24 04:17:34.787: [INFO][SyncEngineBackend::LoadAndConnectNigoriController] Load and connect Nigori controller
2026-02-24 04:17:34.787: [INFO][SyncEngineBackend::DoInitialize] Control Types added: Encryption Keys
2026-02-24 04:17:34.787: [INFO][SyncManagerImpl::ConfigureSyncer] Types to download: Encryption Keys with reason: 3
2026-02-24 04:17:34.788: [INFO][SyncSchedulerImpl::DoConfigurationSyncCycleJob] Configure job was blocked
2026-02-24 04:17:36.374: [INFO][SyncAuthManager::SetLastAuthError] Current auth error: None
2026-02-24 04:17:36.374: [INFO][SyncAuthManager::EdgeLogTokenErrorState] Token error with: None for account type: MSA
2026-02-24 04:17:36.374: [INFO][Sync] Credentials changed for: EdgeSyncScopeNew
2026-02-24 04:17:36.600: [INFO][SyncAuthManager::SetLastAuthError] Current auth error: None
2026-02-24 04:17:36.600: [INFO][SyncAuthManager::EdgeLogTokenErrorState] Token error with: None for account type: MSA
2026-02-24 04:17:36.600: [INFO][Sync] Credentials changed for: EdgeSyncKeyDataScope
2026-02-24 04:17:36.600: [INFO][SyncEngineBackend::DoUpdateKeyDataCredentials] Update key data credentials
2026-02-24 04:17:36.600: [INFO][SyncEngineBackend::DoUpdateCredentials] Update credentials
2026-02-24 04:17:36.600: [INFO][SyncSchedulerImpl::DoConfigurationSyncCycleJob] Blocked types:  and types to download: Encryption Keys
2026-02-24 04:17:37.211: [INFO][Sync] Started DataTypeManager configuration, reason: 4
2026-02-24 04:17:37.212: [INFO][Sync] Configuring for: Bookmarks, Preferences, Passwords, Autofill Profiles, Autofill, Extensions, Sessions, Extension settings, History Delete Directives, Device Info, User Consents, Send Tab To Self, Web Apps, History, Saved Tab Group, WebAuthn Credentials, Collection, Edge E Drop, Edge Hub App Usage, Edge Wallet, Edge Workspace, Encryption Keys, reason: 3, current state: 0
2026-02-24 04:17:37.212: [WARN][Sync] Crypto error data types: Passwords, Autofill Profiles, Autofill
2026-02-24 04:17:37.214: [INFO][Sync] Configure, desired: Bookmarks, Preferences, Extensions, Sessions, Extension settings, History Delete Directives, Device Info, User Consents, Send Tab To Self, Web Apps, History, Saved Tab Group, WebAuthn Credentials, Collection, Edge E Drop, Edge Hub App Usage, Edge Wallet, Edge Workspace, Encryption Keys; Allow fail: Passwords, Autofill Profiles, Autofill
2026-02-24 04:17:37.214: [INFO][Sync] Loading: Bookmarks
2026-02-24 04:17:37.214: [INFO][Sync] Loading: Preferences
2026-02-24 04:17:37.214: [INFO][Sync] Loading: Extensions
2026-02-24 04:17:37.214: [INFO][Sync] Loading: Sessions
2026-02-24 04:17:37.214: [INFO][Sync] Loading: Extension settings
2026-02-24 04:17:37.214: [INFO][Sync] Loading: History Delete Directives
2026-02-24 04:17:37.214: [INFO][Sync] Loading: Device Info
2026-02-24 04:17:37.215: [INFO][Sync] Loading: User Consents
2026-02-24 04:17:37.215: [INFO][Sync] Loading: Send Tab To Self
2026-02-24 04:17:37.215: [INFO][Sync] Loading: Web Apps
2026-02-24 04:17:37.215: [INFO][Sync] Loading: History
2026-02-24 04:17:37.215: [INFO][Sync] Loading: Saved Tab Group
2026-02-24 04:17:37.215: [INFO][Sync] Loading: WebAuthn Credentials
2026-02-24 04:17:37.215: [INFO][Sync] Loading: Collection
2026-02-24 04:17:37.215: [INFO][Sync] Loading: Edge E Drop
2026-02-24 04:17:37.215: [INFO][Sync] Loading: Edge Hub App Usage
2026-02-24 04:17:37.215: [INFO][Sync] Loading: Edge Wallet
2026-02-24 04:17:37.215: [INFO][Sync] Loading: Edge Workspace
2026-02-24 04:17:37.223: [INFO][Sync] All data types are ready for configure.
2026-02-24 04:17:37.989: [INFO][Sync] Started DataTypeManager configuration, reason: 5
2026-02-24 04:17:37.989: [INFO][Sync] Configuring for: Bookmarks, Preferences, Passwords, Autofill Profiles, Autofill, Extensions, Sessions, Extension settings, History Delete Directives, Device Info, User Consents, Send Tab To Self, Web Apps, History, Saved Tab Group, WebAuthn Credentials, Collection, Edge E Drop, Edge Hub App Usage, Edge Wallet, Edge Workspace, Encryption Keys, reason: 5, current state: 1
2026-02-24 04:17:37.995: [INFO][SyncEngineBackend::DoStartConfiguration] Start configuration
2026-02-24 04:17:37.995: [INFO][SyncManagerImpl::NudgeForInitialDownload] Initial download nudge for Bookmarks
2026-02-24 04:17:37.995: [INFO][SyncManagerImpl::NudgeForInitialDownload] Initial download nudge for Preferences
2026-02-24 04:17:37.995: [INFO][SyncManagerImpl::NudgeForInitialDownload] Initial download nudge for Extensions
2026-02-24 04:17:37.995: [INFO][SyncManagerImpl::NudgeForInitialDownload] Initial download nudge for Sessions
2026-02-24 04:17:37.995: [INFO][SyncManagerImpl::NudgeForInitialDownload] Initial download nudge for Extension settings
2026-02-24 04:17:37.995: [INFO][SyncManagerImpl::NudgeForInitialDownload] Initial download nudge for History Delete Directives
2026-02-24 04:17:37.995: [INFO][SyncManagerImpl::NudgeForInitialDownload] Initial download nudge for Device Info
2026-02-24 04:17:37.995: [INFO][SyncManagerImpl::NudgeForInitialDownload] Initial download nudge for Send Tab To Self
2026-02-24 04:17:37.995: [INFO][SyncManagerImpl::NudgeForInitialDownload] Initial download nudge for Web Apps
2026-02-24 04:17:37.995: [INFO][SyncManagerImpl::NudgeForInitialDownload] Initial download nudge for History
2026-02-24 04:17:37.995: [INFO][SyncManagerImpl::NudgeForInitialDownload] Initial download nudge for Saved Tab Group
2026-02-24 04:17:37.995: [INFO][SyncManagerImpl::NudgeForInitialDownload] Initial download nudge for WebAuthn Credentials
2026-02-24 04:17:37.995: [INFO][SyncManagerImpl::NudgeForInitialDownload] Initial download nudge for Collection
2026-02-24 04:17:37.995: [INFO][SyncManagerImpl::NudgeForInitialDownload] Initial download nudge for Edge E Drop
2026-02-24 04:17:37.995: [INFO][SyncManagerImpl::NudgeForInitialDownload] Initial download nudge for Edge Hub App Usage
2026-02-24 04:17:37.995: [INFO][SyncManagerImpl::NudgeForInitialDownload] Initial download nudge for Edge Wallet
2026-02-24 04:17:37.995: [INFO][SyncManagerImpl::NudgeForInitialDownload] Initial download nudge for Edge Workspace
2026-02-24 04:17:37.995: [INFO][SyncManagerImpl::ConfigureSyncer] Types to download:  with reason: 3
2026-02-24 04:17:37.995: [INFO][SyncEngineBackend::DoFinishConfigureDataTypes] Failed to download types:  and succeeded types: 
2026-02-24 04:17:37.997: [INFO][Sync] ConfigurationDone, failed: , succeeded: , remaining count: 4
2026-02-24 04:17:37.997: [WARN][Sync]     Reconfigure requested while configuration ongoing.
2026-02-24 04:17:37.997: [INFO][Sync] Configuring for: Bookmarks, Preferences, Passwords, Autofill Profiles, Autofill, Extensions, Sessions, Extension settings, History Delete Directives, Device Info, User Consents, Send Tab To Self, Web Apps, History, Saved Tab Group, WebAuthn Credentials, Collection, Edge E Drop, Edge Hub App Usage, Edge Wallet, Edge Workspace, Encryption Keys, reason: 5, current state: 2
2026-02-24 04:17:37.997: [INFO][Sync] Configure, desired: Bookmarks, Preferences, Passwords, Autofill Profiles, Autofill, Extensions, Sessions, Extension settings, History Delete Directives, Device Info, User Consents, Send Tab To Self, Web Apps, History, Saved Tab Group, WebAuthn Credentials, Collection, Edge E Drop, Edge Hub App Usage, Edge Wallet, Edge Workspace, Encryption Keys; Allow fail: 
2026-02-24 04:17:37.997: [INFO][Sync] Loading: Passwords
2026-02-24 04:17:37.997: [INFO][Sync] Loading: Autofill Profiles
2026-02-24 04:17:37.997: [INFO][Sync] Loading: Autofill
2026-02-24 04:17:37.997: [INFO][Sync] All data types are ready for configure.
2026-02-24 04:17:37.997: [INFO][SyncManagerImpl::NudgeForInitialDownload] Initial download nudge for Passwords
2026-02-24 04:17:37.997: [INFO][SyncManagerImpl::NudgeForInitialDownload] Initial download nudge for Autofill Profiles
2026-02-24 04:17:37.997: [INFO][SyncManagerImpl::NudgeForInitialDownload] Initial download nudge for Autofill
2026-02-24 04:17:37.997: [INFO][SyncManagerImpl::ConfigureSyncer] Types to download:  with reason: 5
2026-02-24 04:17:37.997: [INFO][SyncEngineBackend::DoFinishConfigureDataTypes] Failed to download types:  and succeeded types: 
2026-02-24 04:17:37.997: [INFO][Sync] ConfigurationDone, failed: , succeeded: , remaining count: 4
2026-02-24 04:17:37.998: [INFO][Sync] Prepare to configure types: Preferences, Passwords, Device Info, Send Tab To Self, Edge E Drop, Encryption Keys
2026-02-24 04:17:37.998: [INFO][SyncManagerImpl::ConfigureSyncer] Types to download: Preferences, Passwords, Device Info, Send Tab To Self, Edge E Drop, Encryption Keys with reason: 5
2026-02-24 04:17:37.998: [INFO][SyncSchedulerImpl::DoConfigurationSyncCycleJob] Blocked types:  and types to download: Preferences, Passwords, Device Info, Send Tab To Self, Edge E Drop, Encryption Keys
2026-02-24 04:17:38.298: [INFO][SyncEngineBackend::DoFinishConfigureDataTypes] Failed to download types:  and succeeded types: Preferences, Passwords, Device Info, Send Tab To Self, Edge E Drop, Encryption Keys
2026-02-24 04:17:38.300: [INFO][Sync] ConfigurationDone, failed: , succeeded: Preferences, Passwords, Device Info, Send Tab To Self, Edge E Drop, Encryption Keys, remaining count: 3
2026-02-24 04:17:38.300: [INFO][Sync] Prepare to configure types: Bookmarks, Encryption Keys
2026-02-24 04:17:38.300: [INFO][SyncManagerImpl::ConfigureSyncer] Types to download: Bookmarks, Encryption Keys with reason: 5
2026-02-24 04:17:38.300: [INFO][SyncSchedulerImpl::DoConfigurationSyncCycleJob] Blocked types:  and types to download: Bookmarks, Encryption Keys
2026-02-24 04:17:38.518: [INFO][SyncEngineBackend::DoFinishConfigureDataTypes] Failed to download types:  and succeeded types: Bookmarks, Encryption Keys
2026-02-24 04:17:38.519: [INFO][Sync] ConfigurationDone, failed: , succeeded: Bookmarks, Encryption Keys, remaining count: 2
2026-02-24 04:17:38.519: [INFO][Sync] Prepare to configure types: Autofill Profiles, Autofill, Extensions, Sessions, Extension settings, History Delete Directives, Web Apps, Saved Tab Group, WebAuthn Credentials, Collection, Edge Hub App Usage, Edge Wallet, Edge Workspace, Encryption Keys
2026-02-24 04:17:38.519: [INFO][SyncManagerImpl::ConfigureSyncer] Types to download: Autofill Profiles, Autofill, Extensions, Sessions, Extension settings, History Delete Directives, Web Apps, Saved Tab Group, WebAuthn Credentials, Collection, Edge Hub App Usage, Edge Wallet, Edge Workspace, Encryption Keys with reason: 5
2026-02-24 04:17:38.519: [INFO][SyncSchedulerImpl::DoConfigurationSyncCycleJob] Blocked types:  and types to download: Autofill Profiles, Autofill, Extensions, Sessions, Extension settings, History Delete Directives, Web Apps, Saved Tab Group, WebAuthn Credentials, Collection, Edge Hub App Usage, Edge Wallet, Edge Workspace, Encryption Keys
2026-02-24 04:17:38.737: [INFO][SyncEngineBackend::DoFinishConfigureDataTypes] Failed to download types:  and succeeded types: Autofill Profiles, Autofill, Extensions, Sessions, Extension settings, History Delete Directives, Web Apps, Saved Tab Group, WebAuthn Credentials, Collection, Edge Hub App Usage, Edge Wallet, Edge Workspace, Encryption Keys
2026-02-24 04:17:38.739: [INFO][Sync] ConfigurationDone, failed: , succeeded: Autofill Profiles, Autofill, Extensions, Sessions, Extension settings, History Delete Directives, Web Apps, Saved Tab Group, WebAuthn Credentials, Collection, Edge Hub App Usage, Edge Wallet, Edge Workspace, Encryption Keys, remaining count: 1
2026-02-24 04:17:38.741: [INFO][Sync] Prepare to configure types: History, Encryption Keys
2026-02-24 04:17:38.741: [INFO][SyncManagerImpl::ConfigureSyncer] Types to download: History, Encryption Keys with reason: 5
2026-02-24 04:17:38.741: [INFO][SyncSchedulerImpl::DoConfigurationSyncCycleJob] Blocked types:  and types to download: History, Encryption Keys
2026-02-24 04:17:38.983: [INFO][SyncEngineBackend::DoFinishConfigureDataTypes] Failed to download types:  and succeeded types: History, Encryption Keys
2026-02-24 04:17:38.986: [INFO][Sync] ConfigurationDone, failed: , succeeded: History, Encryption Keys, remaining count: 0
2026-02-24 04:17:38.988: [INFO][Sync]     Configuration completed, state: 7
2026-02-24 04:17:38.988: [INFO][Sync] Configured DataTypeManager: Ok
2026-02-24 04:17:38.992: [INFO][SyncEngineBackend::DoStartSyncing] Start syncing
2026-02-24 04:20:15.809: [INFO][Sync] Reset engine, reason: 0
2026-02-24 04:20:15.809: [INFO][Sync] Reset engine with reason: 0
2026-02-24 04:23:37.828: [INFO][Sync] SyncState after authenticated was: FeatureCanStart
2026-02-24 04:23:38.566: [INFO][SyncAuthManager::SetLastAuthError] Current auth error: None
2026-02-24 04:23:38.566: [INFO][SyncAuthManager::EdgeLogTokenErrorState] Token error with: None for account type: MSA
2026-02-24 04:23:38.566: [INFO][Sync] Credentials changed for: EdgeSyncKeyDataScope
2026-02-24 04:23:47.348: [INFO][Sync] Try to start sync engine
2026-02-24 04:23:47.350: [INFO][SyncManagerImpl::NudgeForInitialDownload] Initial download nudge for Encryption Keys
2026-02-24 04:23:47.350: [INFO][SyncEngineBackend::LoadAndConnectNigoriController] Load and connect Nigori controller
2026-02-24 04:23:47.350: [INFO][SyncEngineBackend::DoInitialize] Control Types added: Encryption Keys
2026-02-24 04:23:47.350: [INFO][SyncManagerImpl::ConfigureSyncer] Types to download: Encryption Keys with reason: 3
2026-02-24 04:23:47.350: [INFO][SyncEngineBackend::DoUpdateKeyDataCredentials] Update key data credentials
2026-02-24 04:23:47.350: [INFO][SyncSchedulerImpl::DoConfigurationSyncCycleJob] Configure job was blocked
2026-02-24 04:23:47.357: [INFO][SyncAuthManager::SetLastAuthError] Current auth error: None
2026-02-24 04:23:47.357: [INFO][SyncAuthManager::EdgeLogTokenErrorState] Token error with: None for account type: MSA
2026-02-24 04:23:47.357: [INFO][Sync] Credentials changed for: EdgeSyncScopeNew
2026-02-24 04:23:47.357: [INFO][SyncEngineBackend::DoUpdateCredentials] Update credentials
2026-02-24 04:23:47.357: [INFO][SyncSchedulerImpl::DoConfigurationSyncCycleJob] Blocked types:  and types to download: Encryption Keys
2026-02-24 04:23:47.645: [INFO][SyncEngineBackend::DoUpdateKeyDataCredentials] Update key data credentials
2026-02-24 04:23:47.655: [INFO][Sync] Started DataTypeManager configuration, reason: 4
2026-02-24 04:23:47.655: [INFO][Sync] Configuring for: Bookmarks, Preferences, Passwords, Autofill Profiles, Autofill, Extensions, Sessions, Extension settings, History Delete Directives, Device Info, User Consents, Send Tab To Self, Web Apps, History, Saved Tab Group, WebAuthn Credentials, Collection, Edge E Drop, Edge Hub App Usage, Edge Wallet, Edge Workspace, Encryption Keys, reason: 4, current state: 0
2026-02-24 04:23:47.655: [WARN][Sync] Crypto error data types: Passwords, Autofill Profiles, Autofill
2026-02-24 04:23:47.657: [INFO][Sync] Configure, desired: Bookmarks, Preferences, Extensions, Sessions, Extension settings, History Delete Directives, Device Info, User Consents, Send Tab To Self, Web Apps, History, Saved Tab Group, WebAuthn Credentials, Collection, Edge E Drop, Edge Hub App Usage, Edge Wallet, Edge Workspace, Encryption Keys; Allow fail: Passwords, Autofill Profiles, Autofill
2026-02-24 04:23:47.657: [INFO][Sync] Loading: Bookmarks
2026-02-24 04:23:47.657: [INFO][Sync] Loading: Preferences
2026-02-24 04:23:47.657: [INFO][Sync] Loading: Extensions
2026-02-24 04:23:47.657: [INFO][Sync] Loading: Sessions
2026-02-24 04:23:47.657: [INFO][Sync] Loading: Extension settings
2026-02-24 04:23:47.657: [INFO][Sync] Loading: History Delete Directives
2026-02-24 04:23:47.657: [INFO][Sync] Loading: Device Info
2026-02-24 04:23:47.657: [INFO][Sync] Loading: User Consents
2026-02-24 04:23:47.657: [INFO][Sync] Loading: Send Tab To Self
2026-02-24 04:23:47.657: [INFO][Sync] Loading: Web Apps
2026-02-24 04:23:47.657: [INFO][Sync] Loading: History
2026-02-24 04:23:47.657: [INFO][Sync] Loading: Saved Tab Group
2026-02-24 04:23:47.657: [INFO][Sync] Loading: WebAuthn Credentials
2026-02-24 04:23:47.657: [INFO][Sync] Loading: Collection
2026-02-24 04:23:47.657: [INFO][Sync] Loading: Edge E Drop
2026-02-24 04:23:47.657: [INFO][Sync] Loading: Edge Hub App Usage
2026-02-24 04:23:47.657: [INFO][Sync] Loading: Edge Wallet
2026-02-24 04:23:47.657: [INFO][Sync] Loading: Edge Workspace
2026-02-24 04:23:47.666: [INFO][Sync] All data types are ready for configure.
2026-02-24 04:23:48.960: [INFO][Sync] Started DataTypeManager configuration, reason: 5
2026-02-24 04:23:48.960: [INFO][Sync] Configuring for: Bookmarks, Preferences, Passwords, Autofill Profiles, Autofill, Extensions, Sessions, Extension settings, History Delete Directives, Device Info, User Consents, Send Tab To Self, Web Apps, History, Saved Tab Group, WebAuthn Credentials, Collection, Edge E Drop, Edge Hub App Usage, Edge Wallet, Edge Workspace, Encryption Keys, reason: 5, current state: 1
2026-02-24 04:23:48.966: [INFO][SyncEngineBackend::DoStartConfiguration] Start configuration
2026-02-24 04:23:48.966: [INFO][SyncManagerImpl::ConfigureSyncer] Types to download:  with reason: 4
2026-02-24 04:23:48.966: [INFO][SyncEngineBackend::DoFinishConfigureDataTypes] Failed to download types:  and succeeded types: 
2026-02-24 04:23:48.966: [INFO][Sync] ConfigurationDone, failed: , succeeded: , remaining count: 4
2026-02-24 04:23:48.966: [WARN][Sync]     Reconfigure requested while configuration ongoing.
2026-02-24 04:23:48.966: [INFO][Sync] Configuring for: Bookmarks, Preferences, Passwords, Autofill Profiles, Autofill, Extensions, Sessions, Extension settings, History Delete Directives, Device Info, User Consents, Send Tab To Self, Web Apps, History, Saved Tab Group, WebAuthn Credentials, Collection, Edge E Drop, Edge Hub App Usage, Edge Wallet, Edge Workspace, Encryption Keys, reason: 5, current state: 2
2026-02-24 04:23:48.966: [INFO][Sync] Configure, desired: Bookmarks, Preferences, Passwords, Autofill Profiles, Autofill, Extensions, Sessions, Extension settings, History Delete Directives, Device Info, User Consents, Send Tab To Self, Web Apps, History, Saved Tab Group, WebAuthn Credentials, Collection, Edge E Drop, Edge Hub App Usage, Edge Wallet, Edge Workspace, Encryption Keys; Allow fail: 
2026-02-24 04:23:48.966: [INFO][Sync] Loading: Passwords
2026-02-24 04:23:48.966: [INFO][Sync] Loading: Autofill Profiles
2026-02-24 04:23:48.966: [INFO][Sync] Loading: Autofill
2026-02-24 04:23:48.966: [INFO][Sync] All data types are ready for configure.
2026-02-24 04:23:48.966: [INFO][SyncManagerImpl::NudgeForInitialDownload] Initial download nudge for Passwords
2026-02-24 04:23:48.966: [INFO][SyncManagerImpl::ConfigureSyncer] Types to download:  with reason: 5
2026-02-24 04:23:48.966: [INFO][SyncEngineBackend::DoFinishConfigureDataTypes] Failed to download types:  and succeeded types: 
2026-02-24 04:23:48.966: [INFO][Sync] ConfigurationDone, failed: , succeeded: , remaining count: 4
2026-02-24 04:23:48.966: [INFO][Sync] Prepare to configure types: Passwords, Encryption Keys
2026-02-24 04:23:48.966: [INFO][SyncManagerImpl::ConfigureSyncer] Types to download: Passwords, Encryption Keys with reason: 5
2026-02-24 04:23:48.966: [INFO][SyncSchedulerImpl::DoConfigurationSyncCycleJob] Blocked types:  and types to download: Passwords, Encryption Keys
2026-02-24 04:23:49.196: [INFO][SyncEngineBackend::DoFinishConfigureDataTypes] Failed to download types:  and succeeded types: Passwords, Encryption Keys
2026-02-24 04:23:49.198: [INFO][Sync] ConfigurationDone, failed: , succeeded: Passwords, Encryption Keys, remaining count: 3
2026-02-24 04:23:49.198: [INFO][SyncManagerImpl::ConfigureSyncer] Types to download:  with reason: 5
2026-02-24 04:23:49.198: [INFO][SyncEngineBackend::DoFinishConfigureDataTypes] Failed to download types:  and succeeded types: 
2026-02-24 04:23:49.198: [INFO][Sync] ConfigurationDone, failed: , succeeded: , remaining count: 2
2026-02-24 04:23:49.198: [INFO][SyncManagerImpl::ConfigureSyncer] Types to download:  with reason: 5
2026-02-24 04:23:49.198: [INFO][SyncEngineBackend::DoFinishConfigureDataTypes] Failed to download types:  and succeeded types: 
2026-02-24 04:23:49.203: [INFO][Sync] ConfigurationDone, failed: , succeeded: , remaining count: 1
2026-02-24 04:23:49.205: [INFO][SyncManagerImpl::ConfigureSyncer] Types to download:  with reason: 5
2026-02-24 04:23:49.205: [INFO][SyncEngineBackend::DoFinishConfigureDataTypes] Failed to download types:  and succeeded types: 
2026-02-24 04:23:49.206: [INFO][Sync] ConfigurationDone, failed: , succeeded: , remaining count: 0
2026-02-24 04:23:49.208: [INFO][Sync]     Configuration completed, state: 7
2026-02-24 04:23:49.208: [INFO][Sync] Configured DataTypeManager: Ok
2026-02-24 04:23:49.210: [INFO][SyncEngineBackend::DoStartSyncing] Start syncing
2026-02-24 05:44:46.931: [INFO][Sync] Reset engine, reason: 8
2026-02-24 05:44:46.931: [INFO][Sync] Stopped: Bookmarks
2026-02-24 05:44:46.931: [INFO][Sync] Stopped: Preferences
2026-02-24 05:44:46.931: [INFO][Sync] Stopped: Passwords
2026-02-24 05:44:46.931: [INFO][Sync] Stopped: Autofill Profiles
2026-02-24 05:44:46.931: [INFO][Sync] Stopped: Autofill
2026-02-24 05:44:46.931: [INFO][Sync] Stopped: Extensions
2026-02-24 05:44:46.931: [INFO][Sync] Stopped: Sessions
2026-02-24 05:44:46.931: [INFO][Sync] Stopped: Extension settings
2026-02-24 05:44:46.931: [INFO][Sync] Stopped: History Delete Directives
2026-02-24 05:44:46.931: [INFO][Sync] Stopped: Device Info
2026-02-24 05:44:46.931: [INFO][Sync] Stopped: User Consents
2026-02-24 05:44:46.931: [INFO][Sync] Stopped: Send Tab To Self
2026-02-24 05:44:46.931: [INFO][Sync] Stopped: Web Apps
2026-02-24 05:44:46.931: [INFO][Sync] Stopped: History
2026-02-24 05:44:46.931: [INFO][Sync] Stopped: Saved Tab Group
2026-02-24 05:44:46.931: [INFO][Sync] Stopped: WebAuthn Credentials
2026-02-24 05:44:46.931: [INFO][Sync] Stopped: Collection
2026-02-24 05:44:46.931: [INFO][Sync] Stopped: Edge E Drop
2026-02-24 05:44:46.931: [INFO][Sync] Stopped: Edge Hub App Usage
2026-02-24 05:44:46.931: [INFO][Sync] Stopped: Edge Wallet
2026-02-24 05:44:46.931: [INFO][Sync] Stopped: Edge Workspace
2026-02-24 05:44:46.931: [INFO][Sync] SyncState after authenticated was: NotSignedIn
2026-02-24 05:44:47.265: [INFO][Sync] Reset engine, reason: 8
2026-02-24 05:44:47.265: [INFO][Sync] Stopped: Bookmarks
2026-02-24 05:44:47.265: [INFO][Sync] Stopped: Preferences
2026-02-24 05:44:47.265: [INFO][Sync] Stopped: Passwords
2026-02-24 05:44:47.265: [INFO][Sync] Stopped: Autofill Profiles
2026-02-24 05:44:47.265: [INFO][Sync] Stopped: Autofill
2026-02-24 05:44:47.265: [INFO][Sync] Stopped: Extensions
2026-02-24 05:44:47.265: [INFO][Sync] Stopped: Sessions
2026-02-24 05:44:47.265: [INFO][Sync] Stopped: Extension settings
2026-02-24 05:44:47.265: [INFO][Sync] Stopped: History Delete Directives
2026-02-24 05:44:47.265: [INFO][Sync] Stopped: Device Info
2026-02-24 05:44:47.265: [INFO][Sync] Stopped: User Consents
2026-02-24 05:44:47.265: [INFO][Sync] Stopped: Send Tab To Self
2026-02-24 05:44:47.265: [INFO][Sync] Stopped: Web Apps
2026-02-24 05:44:47.265: [INFO][Sync] Stopped: History
2026-02-24 05:44:47.265: [INFO][Sync] Stopped: Saved Tab Group
2026-02-24 05:44:47.265: [INFO][Sync] Stopped: WebAuthn Credentials
2026-02-24 05:44:47.265: [INFO][Sync] Stopped: Collection
2026-02-24 05:44:47.265: [INFO][Sync] Stopped: Edge E Drop
2026-02-24 05:44:47.265: [INFO][Sync] Stopped: Edge Hub App Usage
2026-02-24 05:44:47.265: [INFO][Sync] Stopped: Edge Wallet
2026-02-24 05:44:47.265: [INFO][Sync] Stopped: Edge Workspace
2026-02-24 05:44:53.029: [INFO][Sync] Try to start sync engine
2026-02-24 05:44:53.057: [INFO][SyncManagerImpl::NudgeForInitialDownload] Initial download nudge for Encryption Keys
2026-02-24 05:44:53.057: [INFO][SyncEngineBackend::LoadAndConnectNigoriController] Load and connect Nigori controller
2026-02-24 05:44:53.057: [INFO][SyncEngineBackend::DoInitialize] Control Types added: Encryption Keys
2026-02-24 05:44:53.057: [INFO][SyncManagerImpl::ConfigureSyncer] Types to download: Encryption Keys with reason: 3
2026-02-24 05:44:53.061: [INFO][SyncSchedulerImpl::DoConfigurationSyncCycleJob] Configure job was blocked
2026-02-24 05:44:53.166: [INFO][SyncAuthManager::SetLastAuthError] Current auth error: None
2026-02-24 05:44:53.166: [INFO][SyncAuthManager::EdgeLogTokenErrorState] Token error with: None for account type: MSA
2026-02-24 05:44:53.166: [INFO][Sync] Credentials changed for: EdgeSyncScopeNew
2026-02-24 05:44:54.305: [INFO][SyncAuthManager::SetLastAuthError] Current auth error: None
2026-02-24 05:44:54.305: [INFO][SyncAuthManager::EdgeLogTokenErrorState] Token error with: None for account type: MSA
2026-02-24 05:44:54.305: [INFO][Sync] Credentials changed for: EdgeSyncKeyDataScope
2026-02-24 05:44:54.305: [INFO][SyncEngineBackend::DoUpdateKeyDataCredentials] Update key data credentials
2026-02-24 05:44:54.305: [INFO][SyncEngineBackend::DoUpdateCredentials] Update credentials
2026-02-24 05:44:54.305: [INFO][SyncSchedulerImpl::DoConfigurationSyncCycleJob] Blocked types:  and types to download: Encryption Keys
2026-02-24 05:44:54.868: [INFO][Sync] Started DataTypeManager configuration, reason: 4
2026-02-24 05:44:54.868: [INFO][Sync] Configuring for: Bookmarks, Preferences, Passwords, Autofill Profiles, Autofill, Extensions, Sessions, Extension settings, History Delete Directives, Device Info, User Consents, Send Tab To Self, Web Apps, History, Saved Tab Group, WebAuthn Credentials, Collection, Edge E Drop, Edge Hub App Usage, Edge Wallet, Edge Workspace, Encryption Keys, reason: 3, current state: 0
2026-02-24 05:44:54.868: [WARN][Sync] Crypto error data types: Passwords, Autofill Profiles, Autofill
2026-02-24 05:44:54.870: [INFO][Sync] Configure, desired: Bookmarks, Preferences, Extensions, Sessions, Extension settings, History Delete Directives, Device Info, User Consents, Send Tab To Self, Web Apps, History, Saved Tab Group, WebAuthn Credentials, Collection, Edge E Drop, Edge Hub App Usage, Edge Wallet, Edge Workspace, Encryption Keys; Allow fail: Passwords, Autofill Profiles, Autofill
2026-02-24 05:44:54.870: [INFO][Sync] Loading: Bookmarks
2026-02-24 05:44:54.870: [INFO][Sync] Loading: Preferences
2026-02-24 05:44:54.870: [INFO][Sync] Loading: Extensions
2026-02-24 05:44:54.870: [INFO][Sync] Loading: Sessions
2026-02-24 05:44:54.870: [INFO][Sync] Loading: Extension settings
2026-02-24 05:44:54.870: [INFO][Sync] Loading: History Delete Directives
2026-02-24 05:44:54.870: [INFO][Sync] Loading: Device Info
2026-02-24 05:44:54.870: [INFO][Sync] Loading: User Consents
2026-02-24 05:44:54.870: [INFO][Sync] Loading: Send Tab To Self
2026-02-24 05:44:54.870: [INFO][Sync] Loading: Web Apps
2026-02-24 05:44:54.870: [INFO][Sync] Loading: History
2026-02-24 05:44:54.870: [INFO][Sync] Loading: Saved Tab Group
2026-02-24 05:44:54.870: [INFO][Sync] Loading: WebAuthn Credentials
2026-02-24 05:44:54.870: [INFO][Sync] Loading: Collection
2026-02-24 05:44:54.870: [INFO][Sync] Loading: Edge E Drop
2026-02-24 05:44:54.870: [INFO][Sync] Loading: Edge Hub App Usage
2026-02-24 05:44:54.870: [INFO][Sync] Loading: Edge Wallet
2026-02-24 05:44:54.870: [INFO][Sync] Loading: Edge Workspace
2026-02-24 05:44:54.874: [INFO][Sync] All data types are ready for configure.
2026-02-24 05:44:55.451: [INFO][Sync] Started DataTypeManager configuration, reason: 5
2026-02-24 05:44:55.451: [INFO][Sync] Configuring for: Bookmarks, Preferences, Passwords, Autofill Profiles, Autofill, Extensions, Sessions, Extension settings, History Delete Directives, Device Info, User Consents, Send Tab To Self, Web Apps, History, Saved Tab Group, WebAuthn Credentials, Collection, Edge E Drop, Edge Hub App Usage, Edge Wallet, Edge Workspace, Encryption Keys, reason: 5, current state: 1
2026-02-24 05:44:55.456: [INFO][SyncEngineBackend::DoStartConfiguration] Start configuration
2026-02-24 05:44:55.456: [INFO][SyncManagerImpl::NudgeForInitialDownload] Initial download nudge for Bookmarks
2026-02-24 05:44:55.456: [INFO][SyncManagerImpl::NudgeForInitialDownload] Initial download nudge for Preferences
2026-02-24 05:44:55.456: [INFO][SyncManagerImpl::NudgeForInitialDownload] Initial download nudge for Extensions
2026-02-24 05:44:55.456: [INFO][SyncManagerImpl::NudgeForInitialDownload] Initial download nudge for Sessions
2026-02-24 05:44:55.456: [INFO][SyncManagerImpl::NudgeForInitialDownload] Initial download nudge for Extension settings
2026-02-24 05:44:55.456: [INFO][SyncManagerImpl::NudgeForInitialDownload] Initial download nudge for History Delete Directives
2026-02-24 05:44:55.456: [INFO][SyncManagerImpl::NudgeForInitialDownload] Initial download nudge for Device Info
2026-02-24 05:44:55.456: [INFO][SyncManagerImpl::NudgeForInitialDownload] Initial download nudge for Send Tab To Self
2026-02-24 05:44:55.456: [INFO][SyncManagerImpl::NudgeForInitialDownload] Initial download nudge for Web Apps
2026-02-24 05:44:55.456: [INFO][SyncManagerImpl::NudgeForInitialDownload] Initial download nudge for History
2026-02-24 05:44:55.456: [INFO][SyncManagerImpl::NudgeForInitialDownload] Initial download nudge for Saved Tab Group
2026-02-24 05:44:55.456: [INFO][SyncManagerImpl::NudgeForInitialDownload] Initial download nudge for WebAuthn Credentials
2026-02-24 05:44:55.456: [INFO][SyncManagerImpl::NudgeForInitialDownload] Initial download nudge for Collection
2026-02-24 05:44:55.456: [INFO][SyncManagerImpl::NudgeForInitialDownload] Initial download nudge for Edge E Drop
2026-02-24 05:44:55.456: [INFO][SyncManagerImpl::NudgeForInitialDownload] Initial download nudge for Edge Hub App Usage
2026-02-24 05:44:55.456: [INFO][SyncManagerImpl::NudgeForInitialDownload] Initial download nudge for Edge Wallet
2026-02-24 05:44:55.456: [INFO][SyncManagerImpl::NudgeForInitialDownload] Initial download nudge for Edge Workspace
2026-02-24 05:44:55.456: [INFO][SyncManagerImpl::ConfigureSyncer] Types to download:  with reason: 3
2026-02-24 05:44:55.456: [INFO][SyncEngineBackend::DoFinishConfigureDataTypes] Failed to download types:  and succeeded types: 
2026-02-24 05:44:55.456: [INFO][Sync] ConfigurationDone, failed: , succeeded: , remaining count: 4
2026-02-24 05:44:55.456: [WARN][Sync]     Reconfigure requested while configuration ongoing.
2026-02-24 05:44:55.456: [INFO][Sync] Configuring for: Bookmarks, Preferences, Passwords, Autofill Profiles, Autofill, Extensions, Sessions, Extension settings, History Delete Directives, Device Info, User Consents, Send Tab To Self, Web Apps, History, Saved Tab Group, WebAuthn Credentials, Collection, Edge E Drop, Edge Hub App Usage, Edge Wallet, Edge Workspace, Encryption Keys, reason: 5, current state: 2
2026-02-24 05:44:55.456: [INFO][Sync] Configure, desired: Bookmarks, Preferences, Passwords, Autofill Profiles, Autofill, Extensions, Sessions, Extension settings, History Delete Directives, Device Info, User Consents, Send Tab To Self, Web Apps, History, Saved Tab Group, WebAuthn Credentials, Collection, Edge E Drop, Edge Hub App Usage, Edge Wallet, Edge Workspace, Encryption Keys; Allow fail: 
2026-02-24 05:44:55.456: [INFO][Sync] Loading: Passwords
2026-02-24 05:44:55.456: [INFO][Sync] Loading: Autofill Profiles
2026-02-24 05:44:55.456: [INFO][Sync] Loading: Autofill
2026-02-24 05:44:55.456: [INFO][Sync] All data types are ready for configure.
2026-02-24 05:44:55.456: [INFO][SyncManagerImpl::NudgeForInitialDownload] Initial download nudge for Passwords
2026-02-24 05:44:55.456: [INFO][SyncManagerImpl::NudgeForInitialDownload] Initial download nudge for Autofill Profiles
2026-02-24 05:44:55.456: [INFO][SyncManagerImpl::NudgeForInitialDownload] Initial download nudge for Autofill
2026-02-24 05:44:55.456: [INFO][SyncManagerImpl::ConfigureSyncer] Types to download:  with reason: 5
2026-02-24 05:44:55.456: [INFO][SyncEngineBackend::DoFinishConfigureDataTypes] Failed to download types:  and succeeded types: 
2026-02-24 05:44:55.456: [INFO][Sync] ConfigurationDone, failed: , succeeded: , remaining count: 4
2026-02-24 05:44:55.456: [INFO][Sync] Prepare to configure types: Preferences, Passwords, Device Info, Send Tab To Self, Edge E Drop, Encryption Keys
2026-02-24 05:44:55.456: [INFO][SyncManagerImpl::ConfigureSyncer] Types to download: Preferences, Passwords, Device Info, Send Tab To Self, Edge E Drop, Encryption Keys with reason: 5
2026-02-24 05:44:55.456: [INFO][SyncSchedulerImpl::DoConfigurationSyncCycleJob] Blocked types:  and types to download: Preferences, Passwords, Device Info, Send Tab To Self, Edge E Drop, Encryption Keys
2026-02-24 05:44:55.715: [INFO][SyncEngineBackend::DoFinishConfigureDataTypes] Failed to download types:  and succeeded types: Preferences, Passwords, Device Info, Send Tab To Self, Edge E Drop, Encryption Keys
2026-02-24 05:44:55.718: [INFO][Sync] ConfigurationDone, failed: , succeeded: Preferences, Passwords, Device Info, Send Tab To Self, Edge E Drop, Encryption Keys, remaining count: 3
2026-02-24 05:44:55.718: [INFO][Sync] Prepare to configure types: Bookmarks, Encryption Keys
2026-02-24 05:44:55.718: [INFO][SyncManagerImpl::ConfigureSyncer] Types to download: Bookmarks, Encryption Keys with reason: 5
2026-02-24 05:44:55.718: [INFO][SyncSchedulerImpl::DoConfigurationSyncCycleJob] Blocked types:  and types to download: Bookmarks, Encryption Keys
2026-02-24 05:44:55.915: [INFO][SyncEngineBackend::DoFinishConfigureDataTypes] Failed to download types:  and succeeded types: Bookmarks, Encryption Keys
2026-02-24 05:44:55.935: [INFO][Sync] ConfigurationDone, failed: , succeeded: Bookmarks, Encryption Keys, remaining count: 2
2026-02-24 05:44:55.935: [INFO][Sync] Prepare to configure types: Autofill Profiles, Autofill, Extensions, Sessions, Extension settings, History Delete Directives, Web Apps, Saved Tab Group, WebAuthn Credentials, Collection, Edge Hub App Usage, Edge Wallet, Edge Workspace, Encryption Keys
2026-02-24 05:44:55.935: [INFO][SyncManagerImpl::ConfigureSyncer] Types to download: Autofill Profiles, Autofill, Extensions, Sessions, Extension settings, History Delete Directives, Web Apps, Saved Tab Group, WebAuthn Credentials, Collection, Edge Hub App Usage, Edge Wallet, Edge Workspace, Encryption Keys with reason: 5
2026-02-24 05:44:55.936: [INFO][SyncSchedulerImpl::DoConfigurationSyncCycleJob] Blocked types:  and types to download: Autofill Profiles, Autofill, Extensions, Sessions, Extension settings, History Delete Directives, Web Apps, Saved Tab Group, WebAuthn Credentials, Collection, Edge Hub App Usage, Edge Wallet, Edge Workspace, Encryption Keys
2026-02-24 05:44:56.167: [INFO][SyncEngineBackend::DoFinishConfigureDataTypes] Failed to download types:  and succeeded types: Autofill Profiles, Autofill, Extensions, Sessions, Extension settings, History Delete Directives, Web Apps, Saved Tab Group, WebAuthn Credentials, Collection, Edge Hub App Usage, Edge Wallet, Edge Workspace, Encryption Keys
2026-02-24 05:44:56.168: [INFO][Sync] ConfigurationDone, failed: , succeeded: Autofill Profiles, Autofill, Extensions, Sessions, Extension settings, History Delete Directives, Web Apps, Saved Tab Group, WebAuthn Credentials, Collection, Edge Hub App Usage, Edge Wallet, Edge Workspace, Encryption Keys, remaining count: 1
2026-02-24 05:44:56.171: [INFO][Sync] Prepare to configure types: History, Encryption Keys
2026-02-24 05:44:56.171: [INFO][SyncManagerImpl::ConfigureSyncer] Types to download: History, Encryption Keys with reason: 5
2026-02-24 05:44:56.171: [INFO][SyncSchedulerImpl::DoConfigurationSyncCycleJob] Blocked types:  and types to download: History, Encryption Keys
2026-02-24 05:44:56.481: [INFO][SyncEngineBackend::DoFinishConfigureDataTypes] Failed to download types:  and succeeded types: History, Encryption Keys
2026-02-24 05:44:56.483: [INFO][Sync] ConfigurationDone, failed: , succeeded: History, Encryption Keys, remaining count: 0
2026-02-24 05:44:56.486: [INFO][Sync]     Configuration completed, state: 7
2026-02-24 05:44:56.487: [INFO][Sync] Configured DataTypeManager: Ok
2026-02-24 05:44:56.489: [INFO][SyncEngineBackend::DoStartSyncing] Start syncing
